# JRE version: OpenJDK Runtime Environment Temurin-21.0.11+10 (21.0.11+10) (build 21.0.11+10-LTS)
# Java VM: OpenJDK 64-Bit Server VM Temurin-21.0.11+10 (21.0.11+10-LTS, mixed mode, sharing, tiered, compressed oops, compressed class ptrs, parallel gc, windows-amd64)
GC Precious Log:
 CardTable entry size: 512
 CPUs: 4 total, 4 available
 Memory: 8026M
 Large Page Support: Disabled
 NUMA Support: Disabled
 Compressed Oops: Enabled (32-bit)
 Alignments: Space 512K, Generation 512K, Heap 2M
 Heap Min Capacity: 100M
 Heap Initial Capacity: 100M
 Heap Max Capacity: 2G
 Pre-touch: Disabled
 Parallel Workers: 4
Heap:
 PSYoungGen      total 6656K, used 5632K [0x00000000d5580000, 0x00000000d5e80000, 0x0000000100000000)
  eden space 4096K, 100% used [0x00000000d5580000,0x00000000d5980000,0x00000000d5980000)
  from space 2560K, 60% used [0x00000000d5980000,0x00000000d5b00010,0x00000000d5c00000)
  to   space 2048K, 0% used [0x00000000d5c80000,0x00000000d5c80000,0x00000000d5e80000)
 ParOldGen       total 1132032K, used 1131757K [0x0000000080000000, 0x00000000c5180000, 0x00000000d5580000)
  object space 1132032K, 99% used [0x0000000080000000,0x00000000c513b660,0x00000000c5180000)
 Metaspace       used 102382K, committed 104320K, reserved 1179648K
  class space    used 10654K, committed 11520K, reserved 1048576K
GC Heap History (20 events):
Event: 5094.600 GC heap before
{Heap before GC invocations=2995 (full 5):
 PSYoungGen      total 7168K, used 7140K [0x00000000d5580000, 0x00000000d6180000, 0x0000000100000000)
  eden space 5632K, 99% used [0x00000000d5580000,0x00000000d5afffe8,0x00000000d5b00000)
  from space 1536K, 98% used [0x00000000d5b00000,0x00000000d5c79158,0x00000000d5c80000)
  to   space 2560K, 0% used [0x00000000d5f00000,0x00000000d5f00000,0x00000000d6180000)
 ParOldGen       total 1109504K, used 1109459K [0x0000000080000000, 0x00000000c3b80000, 0x00000000d5580000)
  object space 1109504K, 99% used [0x0000000080000000,0x00000000c3b74df0,0x00000000c3b80000)
 Metaspace       used 102368K, committed 104320K, reserved 1179648K
  class space    used 10653K, committed 11520K, reserved 1048576K
}
Event: 5094.606 GC heap after
{Heap after GC invocations=2995 (full 5):
 PSYoungGen      total 4608K, used 2553K [0x00000000d5580000, 0x00000000d6b80000, 0x0000000100000000)
  eden space 2048K, 0% used [0x00000000d5580000,0x00000000d5580000,0x00000000d5780000)
  from space 2560K, 99% used [0x00000000d5f00000,0x00000000d617e730,0x00000000d6180000)
  to   space 7680K, 0% used [0x00000000d5780000,0x00000000d5780000,0x00000000d5f00000)
 ParOldGen       total 1113600K, used 1113310K [0x0000000080000000, 0x00000000c3f80000, 0x00000000d5580000)
  object space 1113600K, 99% used [0x0000000080000000,0x00000000c3f37890,0x00000000c3f80000)
 Metaspace       used 102368K, committed 104320K, reserved 1179648K
  class space    used 10653K, committed 11520K, reserved 1048576K
}
Event: 5094.611 GC heap before
{Heap before GC invocations=2996 (full 5):
 PSYoungGen      total 4608K, used 4601K [0x00000000d5580000, 0x00000000d6b80000, 0x0000000100000000)
  eden space 2048K, 100% used [0x00000000d5580000,0x00000000d5780000,0x00000000d5780000)
  from space 2560K, 99% used [0x00000000d5f00000,0x00000000d617e730,0x00000000d6180000)
  to   space 7680K, 0% used [0x00000000d5780000,0x00000000d5780000,0x00000000d5f00000)
 ParOldGen       total 1113600K, used 1113310K [0x0000000080000000, 0x00000000c3f80000, 0x00000000d5580000)
  object space 1113600K, 99% used [0x0000000080000000,0x00000000c3f37890,0x00000000c3f80000)
 Metaspace       used 102368K, committed 104320K, reserved 1179648K
  class space    used 10653K, committed 11520K, reserved 1048576K
}
Event: 5094.615 GC heap after
{Heap after GC invocations=2996 (full 5):
 PSYoungGen      total 4096K, used 1728K [0x00000000d5580000, 0x00000000d5f80000, 0x0000000100000000)
  eden space 2048K, 0% used [0x00000000d5580000,0x00000000d5580000,0x00000000d5780000)
  from space 2048K, 84% used [0x00000000d5780000,0x00000000d5930000,0x00000000d5980000)
  to   space 3584K, 0% used [0x00000000d5c00000,0x00000000d5c00000,0x00000000d5f80000)
 ParOldGen       total 1116160K, used 1115880K [0x0000000080000000, 0x00000000c4200000, 0x00000000d5580000)
  object space 1116160K, 99% used [0x0000000080000000,0x00000000c41ba390,0x00000000c4200000)
 Metaspace       used 102368K, committed 104320K, reserved 1179648K
  class space    used 10653K, committed 11520K, reserved 1048576K
}
Event: 5094.620 GC heap before
{Heap before GC invocations=2997 (full 5):
 PSYoungGen      total 4096K, used 3456K [0x00000000d5580000, 0x00000000d5f80000, 0x0000000100000000)
  eden space 2048K, 84% used [0x00000000d5580000,0x00000000d5730240,0x00000000d5780000)
  from space 2048K, 84% used [0x00000000d5780000,0x00000000d5930000,0x00000000d5980000)
  to   space 3584K, 0% used [0x00000000d5c00000,0x00000000d5c00000,0x00000000d5f80000)
 ParOldGen       total 1116160K, used 1115880K [0x0000000080000000, 0x00000000c4200000, 0x00000000d5580000)
  object space 1116160K, 99% used [0x0000000080000000,0x00000000c41ba390,0x00000000c4200000)
 Metaspace       used 102368K, committed 104320K, reserved 1179648K
  class space    used 10653K, committed 11520K, reserved 1048576K
}
Event: 5094.625 GC heap after
{Heap after GC invocations=2997 (full 5):
 PSYoungGen      total 4608K, used 1650K [0x00000000d5580000, 0x00000000d5e00000, 0x0000000100000000)
  eden space 2560K, 0% used [0x00000000d5580000,0x00000000d5580000,0x00000000d5800000)
  from space 2048K, 80% used [0x00000000d5c00000,0x00000000d5d9c9a8,0x00000000d5e00000)
  to   space 2048K, 0% used [0x00000000d5a00000,0x00000000d5a00000,0x00000000d5c00000)
 ParOldGen       total 1117696K, used 1117540K [0x0000000080000000, 0x00000000c4380000, 0x00000000d5580000)
  object space 1117696K, 99% used [0x0000000080000000,0x00000000c43591a0,0x00000000c4380000)
 Metaspace       used 102368K, committed 104320K, reserved 1179648K
  class space    used 10653K, committed 11520K, reserved 1048576K
}
Event: 5094.628 GC heap before
{Heap before GC invocations=2998 (full 5):
 PSYoungGen      total 4608K, used 4210K [0x00000000d5580000, 0x00000000d5e00000, 0x0000000100000000)
  eden space 2560K, 100% used [0x00000000d5580000,0x00000000d5800000,0x00000000d5800000)
  from space 2048K, 80% used [0x00000000d5c00000,0x00000000d5d9c9a8,0x00000000d5e00000)
  to   space 2048K, 0% used [0x00000000d5a00000,0x00000000d5a00000,0x00000000d5c00000)
 ParOldGen       total 1117696K, used 1117540K [0x0000000080000000, 0x00000000c4380000, 0x00000000d5580000)
  object space 1117696K, 99% used [0x0000000080000000,0x00000000c43591a0,0x00000000c4380000)
 Metaspace       used 102368K, committed 104320K, reserved 1179648K
  class space    used 10653K, committed 11520K, reserved 1048576K
}
Event: 5094.634 GC heap after
{Heap after GC invocations=2998 (full 5):
 PSYoungGen      total 5120K, used 2040K [0x00000000d5580000, 0x00000000d6180000, 0x0000000100000000)
  eden space 3072K, 0% used [0x00000000d5580000,0x00000000d5580000,0x00000000d5880000)
  from space 2048K, 99% used [0x00000000d5a00000,0x00000000d5bfe390,0x00000000d5c00000)
  to   space 4608K, 0% used [0x00000000d5d00000,0x00000000d5d00000,0x00000000d6180000)
 ParOldGen       total 1119744K, used 1119472K [0x0000000080000000, 0x00000000c4580000, 0x00000000d5580000)
  object space 1119744K, 99% used [0x0000000080000000,0x00000000c453c278,0x00000000c4580000)
 Metaspace       used 102368K, committed 104320K, reserved 1179648K
  class space    used 10653K, committed 11520K, reserved 1048576K
}
Event: 5094.642 GC heap before
{Heap before GC invocations=2999 (full 5):
 PSYoungGen      total 5120K, used 5112K [0x00000000d5580000, 0x00000000d6180000, 0x0000000100000000)
  eden space 3072K, 100% used [0x00000000d5580000,0x00000000d5880000,0x00000000d5880000)
  from space 2048K, 99% used [0x00000000d5a00000,0x00000000d5bfe390,0x00000000d5c00000)
  to   space 4608K, 0% used [0x00000000d5d00000,0x00000000d5d00000,0x00000000d6180000)
 ParOldGen       total 1119744K, used 1119472K [0x0000000080000000, 0x00000000c4580000, 0x00000000d5580000)
  object space 1119744K, 99% used [0x0000000080000000,0x00000000c453c278,0x00000000c4580000)
 Metaspace       used 102368K, committed 104320K, reserved 1179648K
  class space    used 10653K, committed 11520K, reserved 1048576K
}
Event: 5094.647 GC heap after
{Heap after GC invocations=2999 (full 5):
 PSYoungGen      total 7680K, used 3040K [0x00000000d5580000, 0x00000000d6080000, 0x0000000100000000)
  eden space 4096K, 0% used [0x00000000d5580000,0x00000000d5580000,0x00000000d5980000)
  from space 3584K, 84% used [0x00000000d5d00000,0x00000000d5ff8000,0x00000000d6080000)
  to   space 3584K, 0% used [0x00000000d5980000,0x00000000d5980000,0x00000000d5d00000)
 ParOldGen       total 1121792K, used 1121505K [0x0000000080000000, 0x00000000c4780000, 0x00000000d5580000)
  object space 1121792K, 99% used [0x0000000080000000,0x00000000c4738608,0x00000000c4780000)
 Metaspace       used 102368K, committed 104320K, reserved 1179648K
  class space    used 10653K, committed 11520K, reserved 1048576K
}
Event: 5094.670 GC heap before
{Heap before GC invocations=3000 (full 5):
 PSYoungGen      total 7680K, used 7133K [0x00000000d5580000, 0x00000000d6080000, 0x0000000100000000)
  eden space 4096K, 99% used [0x00000000d5580000,0x00000000d597f608,0x00000000d5980000)
  from space 3584K, 84% used [0x00000000d5d00000,0x00000000d5ff8000,0x00000000d6080000)
  to   space 3584K, 0% used [0x00000000d5980000,0x00000000d5980000,0x00000000d5d00000)
 ParOldGen       total 1121792K, used 1121505K [0x0000000080000000, 0x00000000c4780000, 0x00000000d5580000)
  object space 1121792K, 99% used [0x0000000080000000,0x00000000c4738608,0x00000000c4780000)
 Metaspace       used 102371K, committed 104320K, reserved 1179648K
  class space    used 10653K, committed 11520K, reserved 1048576K
}
Event: 5094.677 GC heap after
{Heap after GC invocations=3000 (full 5):
 PSYoungGen      total 5632K, used 1280K [0x00000000d5580000, 0x00000000d5e80000, 0x0000000100000000)
  eden space 4096K, 0% used [0x00000000d5580000,0x00000000d5580000,0x00000000d5980000)
  from space 1536K, 83% used [0x00000000d5980000,0x00000000d5ac0000,0x00000000d5b00000)
  to   space 2048K, 0% used [0x00000000d5c80000,0x00000000d5c80000,0x00000000d5e80000)
 ParOldGen       total 1124864K, used 1124537K [0x0000000080000000, 0x00000000c4a80000, 0x00000000d5580000)
  object space 1124864K, 99% used [0x0000000080000000,0x00000000c4a2e608,0x00000000c4a80000)
 Metaspace       used 102371K, committed 104320K, reserved 1179648K
  class space    used 10653K, committed 11520K, reserved 1048576K
}
Event: 5094.695 GC heap before
{Heap before GC invocations=3001 (full 5):
 PSYoungGen      total 5632K, used 5376K [0x00000000d5580000, 0x00000000d5e80000, 0x0000000100000000)
  eden space 4096K, 100% used [0x00000000d5580000,0x00000000d5980000,0x00000000d5980000)
  from space 1536K, 83% used [0x00000000d5980000,0x00000000d5ac0000,0x00000000d5b00000)
  to   space 2048K, 0% used [0x00000000d5c80000,0x00000000d5c80000,0x00000000d5e80000)
 ParOldGen       total 1124864K, used 1124537K [0x0000000080000000, 0x00000000c4a80000, 0x00000000d5580000)
  object space 1124864K, 99% used [0x0000000080000000,0x00000000c4a2e608,0x00000000c4a80000)
 Metaspace       used 102371K, committed 104320K, reserved 1179648K
  class space    used 10653K, committed 11520K, reserved 1048576K
}
Event: 5094.700 GC heap after
{Heap after GC invocations=3001 (full 5):
 PSYoungGen      total 5120K, used 2023K [0x00000000d5580000, 0x00000000d6280000, 0x0000000100000000)
  eden space 3072K, 0% used [0x00000000d5580000,0x00000000d5580000,0x00000000d5880000)
  from space 2048K, 98% used [0x00000000d5c80000,0x00000000d5e79c58,0x00000000d5e80000)
  to   space 4096K, 0% used [0x00000000d5880000,0x00000000d5880000,0x00000000d5c80000)
 ParOldGen       total 1126400K, used 1125945K [0x0000000080000000, 0x00000000c4c00000, 0x00000000d5580000)
  object space 1126400K, 99% used [0x0000000080000000,0x00000000c4b8e608,0x00000000c4c00000)
 Metaspace       used 102371K, committed 104320K, reserved 1179648K
  class space    used 10653K, committed 11520K, reserved 1048576K
}
Event: 5094.717 GC heap before
{Heap before GC invocations=3002 (full 5):
 PSYoungGen      total 5120K, used 5071K [0x00000000d5580000, 0x00000000d6280000, 0x0000000100000000)
  eden space 3072K, 99% used [0x00000000d5580000,0x00000000d587a118,0x00000000d5880000)
  from space 2048K, 98% used [0x00000000d5c80000,0x00000000d5e79c58,0x00000000d5e80000)
  to   space 4096K, 0% used [0x00000000d5880000,0x00000000d5880000,0x00000000d5c80000)
 ParOldGen       total 1126400K, used 1125945K [0x0000000080000000, 0x00000000c4c00000, 0x00000000d5580000)
  object space 1126400K, 99% used [0x0000000080000000,0x00000000c4b8e608,0x00000000c4c00000)
 Metaspace       used 102371K, committed 104320K, reserved 1179648K
  class space    used 10653K, committed 11520K, reserved 1048576K
}
Event: 5094.722 GC heap after
{Heap after GC invocations=3002 (full 5):
 PSYoungGen      total 7168K, used 2686K [0x00000000d5580000, 0x00000000d5f80000, 0x0000000100000000)
  eden space 3072K, 0% used [0x00000000d5580000,0x00000000d5580000,0x00000000d5880000)
  from space 4096K, 65% used [0x00000000d5880000,0x00000000d5b1fb78,0x00000000d5c80000)
  to   space 3072K, 0% used [0x00000000d5c80000,0x00000000d5c80000,0x00000000d5f80000)
 ParOldGen       total 1128448K, used 1127977K [0x0000000080000000, 0x00000000c4e00000, 0x00000000d5580000)
  object space 1128448K, 99% used [0x0000000080000000,0x00000000c4d8a7d8,0x00000000c4e00000)
 Metaspace       used 102371K, committed 104320K, reserved 1179648K
  class space    used 10653K, committed 11520K, reserved 1048576K
}
Event: 5094.775 GC heap before
{Heap before GC invocations=3003 (full 5):
 PSYoungGen      total 7168K, used 5758K [0x00000000d5580000, 0x00000000d5f80000, 0x0000000100000000)
  eden space 3072K, 100% used [0x00000000d5580000,0x00000000d5880000,0x00000000d5880000)
  from space 4096K, 65% used [0x00000000d5880000,0x00000000d5b1fb78,0x00000000d5c80000)
  to   space 3072K, 0% used [0x00000000d5c80000,0x00000000d5c80000,0x00000000d5f80000)
 ParOldGen       total 1128448K, used 1127977K [0x0000000080000000, 0x00000000c4e00000, 0x00000000d5580000)
  object space 1128448K, 99% used [0x0000000080000000,0x00000000c4d8a7d8,0x00000000c4e00000)
 Metaspace       used 102371K, committed 104320K, reserved 1179648K
  class space    used 10653K, committed 11520K, reserved 1048576K
}
Event: 5094.781 GC heap after
{Heap after GC invocations=3003 (full 5):
 PSYoungGen      total 6144K, used 1872K [0x00000000d5580000, 0x00000000d5e80000, 0x0000000100000000)
  eden space 4096K, 0% used [0x00000000d5580000,0x00000000d5580000,0x00000000d5980000)
  from space 2048K, 91% used [0x00000000d5c80000,0x00000000d5e54310,0x00000000d5e80000)
  to   space 2560K, 0% used [0x00000000d5980000,0x00000000d5980000,0x00000000d5c00000)
 ParOldGen       total 1130496K, used 1130343K [0x0000000080000000, 0x00000000c5000000, 0x00000000d5580000)
  object space 1130496K, 99% used [0x0000000080000000,0x00000000c4fd9e08,0x00000000c5000000)
 Metaspace       used 102371K, committed 104320K, reserved 1179648K
  class space    used 10653K, committed 11520K, reserved 1048576K
}
Event: 5094.803 GC heap before
{Heap before GC invocations=3004 (full 5):
 PSYoungGen      total 6144K, used 5968K [0x00000000d5580000, 0x00000000d5e80000, 0x0000000100000000)
  eden space 4096K, 100% used [0x00000000d5580000,0x00000000d5980000,0x00000000d5980000)
  from space 2048K, 91% used [0x00000000d5c80000,0x00000000d5e54310,0x00000000d5e80000)
  to   space 2560K, 0% used [0x00000000d5980000,0x00000000d5980000,0x00000000d5c00000)
 ParOldGen       total 1130496K, used 1130343K [0x0000000080000000, 0x00000000c5000000, 0x00000000d5580000)
  object space 1130496K, 99% used [0x0000000080000000,0x00000000c4fd9e08,0x00000000c5000000)
 Metaspace       used 102373K, committed 104320K, reserved 1179648K
  class space    used 10653K, committed 11520K, reserved 1048576K
}
Event: 5094.809 GC heap after
{Heap after GC invocations=3004 (full 5):
 PSYoungGen      total 6656K, used 1536K [0x00000000d5580000, 0x00000000d5e80000, 0x0000000100000000)
  eden space 4096K, 0% used [0x00000000d5580000,0x00000000d5580000,0x00000000d5980000)
  from space 2560K, 60% used [0x00000000d5980000,0x00000000d5b00010,0x00000000d5c00000)
  to   space 2048K, 0% used [0x00000000d5c80000,0x00000000d5c80000,0x00000000d5e80000)
 ParOldGen       total 1132032K, used 1131757K [0x0000000080000000, 0x00000000c5180000, 0x00000000d5580000)
  object space 1132032K, 99% used [0x0000000080000000,0x00000000c513b660,0x00000000c5180000)
 Metaspace       used 102373K, committed 104320K, reserved 1179648K
  class space    used 10653K, committed 11520K, reserved 1048576K
}

